[34m[INFO](B[m Applying configuration: jakoolit
[34m[INFO](B[m Applying JaKooLit configuration...
[34m[INFO](B[m Backing up existing /home/alex/.config/hypr
[34m[INFO](B[m Copying sources/jakoolit-dots/config/hypr to /home/alex/.config/hypr
[32m[SUCCESS](B[m Applied JaKooLit Hyprland config
[34m[INFO](B[m Backing up existing /home/alex/.config/waybar
[34m[INFO](B[m Copying sources/jakoolit-dots/config/waybar to /home/alex/.config/waybar
[32m[SUCCESS](B[m Applied JaKooLit Waybar config
[34m[INFO](B[m Backing up existing /home/alex/.config/rofi
[34m[INFO](B[m Copying sources/jakoolit-dots/config/rofi to /home/alex/.config/rofi
[32m[SUCCESS](B[m Applied JaKooLit Rofi config
[34m[INFO](B[m Backing up existing /home/alex/.config/ags
[34m[INFO](B[m Copying sources/jakoolit-dots/config/ags to /home/alex/.config/ags
[32m[SUCCESS](B[m Applied JaKooLit AGS config
[34m[INFO](B[m Backing up existing /home/alex/.config/kitty
[34m[INFO](B[m Copying sources/jakoolit-dots/config/kitty to /home/alex/.config/kitty
[32m[SUCCESS](B[m Applied JaKooLit Kitty config
[34m[INFO](B[m Applying JaKooLit specific settings...
[32m[SUCCESS](B[m JaKooLit settings applied
[32m[SUCCESS](B[m JaKooLit configuration applied successfully
[34m[INFO](B[m Applying feature: performance
[34m[INFO](B[m Enabling performance optimizations...
[32m[SUCCESS](B[m Performance optimizations enabled
[32m[SUCCESS](B[m Feature 'performance' enabled
