[34m[INFO](B[m Starting HyprSupreme-Builder installation...
[34m[INFO](B[m Log file: logs/install-20250618-222445.log
[34m[INFO](B[m Detected: cachyos 
[34m[INFO](B[m Installing dependencies...
[33m[NOTE](B[m Installing git...
[33m[NOTE](B[m Installing curl...
[33m[NOTE](B[m Installing wget...
[33m[NOTE](B[m Installing unzip...
[33m[NOTE](B[m Installing base-devel...
[33m[NOTE](B[m Installing dialog tools...
[31m[WARN](B[m Could not install whiptail, using simple fallback menus
[34m[INFO](B[m Using AUR helper: yay
[34m[INFO](B[m Using preset: minimal
[32m[OK](B[m Loaded preset: minimal
[34m[INFO](B[m Downloading configuration sources...
[33m[NOTE](B[m Downloading JaKooLit configuration...
[34m[INFO](B[m Installing selected components...
[33m[NOTE](B[m Installing component: hyprland...
[33m[NOTE](B[m Installing component: waybar...
[33m[NOTE](B[m Installing component: rofi...
[33m[NOTE](B[m Installing component: kitty...
[33m[NOTE](B[m Installing component: fonts...
[34m[INFO](B[m Applying configurations...
[34m[INFO](B[m Creating backup of existing configurations...
[32m[OK](B[m Backed up .config/hypr
[32m[OK](B[m Backed up .config/waybar
[32m[OK](B[m Backed up .config/rofi
[32m[OK](B[m Backed up .config/kitty
[32m[OK](B[m Backed up .config/ags
[32m[OK](B[m Backup created at: /home/alex/.config/hyprland-backup-20250618-222511
[33m[NOTE](B[m Applying jakoolit configuration...
[34m[INFO](B[m Applying selected features...
[33m[NOTE](B[m Applying feature: performance...
[34m[INFO](B[m Running post-installation setup...
[34m[INFO](B[m Creating desktop entries...
[32m[OK](B[m Desktop entries created
[34m[INFO](B[m Setting up autostart...
[32m[OK](B[m Post-installation setup completed!
[32m[OK](B[m Installation completed successfully!

[34m[INFO](B[m Installation Summary:
  • Configurations: 1 selected
  • Components: 5 installed
  • Features: 1 enabled

[33m[NOTE](B[m Next steps:
  1. Reboot your system
  2. Log out and select Hyprland session
  3. Run 'hyprsupreme-config' to customize further

[32mThank you for using HyprSupreme-Builder!(B[m
